<?xml version="1.0" encoding="UTF-8" ?>
<testsuite failures="0" time="0.049" errors="0" skipped="0" tests="7" name="net.sf.jagg.test.MinAggregatorTest">
  <properties>
[...]
</properties>
  <testcase time="0" classname="net.sf.jagg.test.MinAggregatorTest" name="testMerge"/>
  <testcase time="0.002" classname="net.sf.jagg.test.MinAggregatorTest" name="testByProperty"/>
  <testcase time="0.001" classname="net.sf.jagg.test.MinAggregatorTest" name="testReplicate"/>
  <testcase time="0" classname="net.sf.jagg.test.MinAggregatorTest" name="test_integer_input"/>
  <testcase time="0" classname="net.sf.jagg.test.MinAggregatorTest" name="testNulls"/>
  <testcase time="0" classname="net.sf.jagg.test.MinAggregatorTest" name="testMergeNull"/>
  <testcase time="0" classname="net.sf.jagg.test.MinAggregatorTest" name="test_double_input"/>
</testsuite>