<?xml version="1.0" encoding="UTF-8" ?>
<testsuite failures="0" time="0.037" errors="0" skipped="0" tests="16" name="net.sf.jagg.test.PropertyParserTest">
  <properties>
[...]
</properties>
  <testcase time="0" classname="net.sf.jagg.test.PropertyParserTest" name="testQuoted"/>
  <testcase time="0" classname="net.sf.jagg.test.PropertyParserTest" name="testNumerics"/>
  <testcase time="0" classname="net.sf.jagg.test.PropertyParserTest" name="testIsMethod"/>
  <testcase time="0" classname="net.sf.jagg.test.PropertyParserTest" name="testProperty"/>
  <testcase time="0" classname="net.sf.jagg.test.PropertyParserTest" name="testNullAndEmpty"/>
  <testcase time="0" classname="net.sf.jagg.test.PropertyParserTest" name="testMethodManyParams"/>
  <testcase time="0" classname="net.sf.jagg.test.PropertyParserTest" name="testMethodTwoParamsOneQuoted"/>
  <testcase time="0.001" classname="net.sf.jagg.test.PropertyParserTest" name="testMethodOneBoolParamFalse"/>
  <testcase time="0.016" classname="net.sf.jagg.test.PropertyParserTest" name="testMethodOneBoolParamTrue"/>
  <testcase time="0" classname="net.sf.jagg.test.PropertyParserTest" name="testMethodNoParams"/>
  <testcase time="0" classname="net.sf.jagg.test.PropertyParserTest" name="testMissingMethodName"/>
  <testcase time="0" classname="net.sf.jagg.test.PropertyParserTest" name="testExtraInput"/>
  <testcase time="0" classname="net.sf.jagg.test.PropertyParserTest" name="testMissingLeftParen"/>
  <testcase time="0" classname="net.sf.jagg.test.PropertyParserTest" name="testMissingRightParen"/>
  <testcase time="0" classname="net.sf.jagg.test.PropertyParserTest" name="testMissingProperty"/>
  <testcase time="0" classname="net.sf.jagg.test.PropertyParserTest" name="testMethodOneStringParamWhitespace"/>
</testsuite>